ERROR - 2024-05-28 02:43:03 --> mysqli_sql_exception: Incorrect table definition; there can be only one auto column and it must be defined as a key in C:\xampp\htdocs\Proyecto\system\Database\MySQLi\Connection.php:295
Stack trace:
#0 C:\xampp\htdocs\Proyecto\system\Database\MySQLi\Connection.php(295): mysqli->query('CREATE TABLE `u...', 0)
#1 C:\xampp\htdocs\Proyecto\system\Database\BaseConnection.php(691): CodeIgniter\Database\MySQLi\Connection->execute('CREATE TABLE `u...')
#2 C:\xampp\htdocs\Proyecto\system\Database\BaseConnection.php(605): CodeIgniter\Database\BaseConnection->simpleQuery('CREATE TABLE `u...')
#3 C:\xampp\htdocs\Proyecto\system\Database\Forge.php(546): CodeIgniter\Database\BaseConnection->query('CREATE TABLE `u...')
#4 C:\xampp\htdocs\Proyecto\app\Database\Migrations\2024-05-28-023014_Usuarios.php(36): CodeIgniter\Database\Forge->createTable('usuarios')
#5 C:\xampp\htdocs\Proyecto\system\Database\MigrationRunner.php(877): App\Database\Migrations\Usuarios->up()
#6 C:\xampp\htdocs\Proyecto\system\Database\MigrationRunner.php(188): CodeIgniter\Database\MigrationRunner->migrate('up', Object(stdClass))
#7 C:\xampp\htdocs\Proyecto\system\Commands\Database\Migrate.php(84): CodeIgniter\Database\MigrationRunner->latest(NULL)
#8 C:\xampp\htdocs\Proyecto\system\CLI\Commands.php(65): CodeIgniter\Commands\Database\Migrate->run(Array)
#9 C:\xampp\htdocs\Proyecto\system\CLI\Console.php(37): CodeIgniter\CLI\Commands->run('migrate', Array)
#10 C:\xampp\htdocs\Proyecto\spark(97): CodeIgniter\CLI\Console->run()
#11 {main}
ERROR - 2024-05-28 16:12:57 --> Error connecting to the database: mysqli_sql_exception: No se puede establecer una conexión ya que el equipo de destino denegó expresamente dicha conexión.
 in C:\xampp\htdocs\Proyecto\system\Database\MySQLi\Connection.php:174
Stack trace:
#0 C:\xampp\htdocs\Proyecto\system\Database\MySQLi\Connection.php(174): mysqli->real_connect('localhost', 'root', '', 'task', 3306, '', 0)
#1 C:\xampp\htdocs\Proyecto\system\Database\BaseConnection.php(391): CodeIgniter\Database\MySQLi\Connection->connect(false)
#2 C:\xampp\htdocs\Proyecto\system\Database\BaseConnection.php(573): CodeIgniter\Database\BaseConnection->initialize()
#3 C:\xampp\htdocs\Proyecto\system\Database\BaseConnection.php(1408): CodeIgniter\Database\BaseConnection->query('SHOW TABLES FRO...')
#4 C:\xampp\htdocs\Proyecto\system\Database\BaseConnection.php(1427): CodeIgniter\Database\BaseConnection->listTables()
#5 C:\xampp\htdocs\Proyecto\system\Database\MigrationRunner.php(768): CodeIgniter\Database\BaseConnection->tableExists('migrations')
#6 C:\xampp\htdocs\Proyecto\system\Database\MigrationRunner.php(706): CodeIgniter\Database\MigrationRunner->ensureTable()
#7 C:\xampp\htdocs\Proyecto\system\Commands\Database\MigrateRollback.php(89): CodeIgniter\Database\MigrationRunner->getLastBatch()
#8 C:\xampp\htdocs\Proyecto\system\CLI\Commands.php(65): CodeIgniter\Commands\Database\MigrateRollback->run(Array)
#9 C:\xampp\htdocs\Proyecto\system\CLI\Console.php(37): CodeIgniter\CLI\Commands->run('migrate:rollbac...', Array)
#10 C:\xampp\htdocs\Proyecto\spark(97): CodeIgniter\CLI\Console->run()
#11 {main}

Next CodeIgniter\Database\Exceptions\DatabaseException: No se puede establecer una conexión ya que el equipo de destino denegó expresamente dicha conexión.
 in C:\xampp\htdocs\Proyecto\system\Database\MySQLi\Connection.php:218
Stack trace:
#0 C:\xampp\htdocs\Proyecto\system\Database\BaseConnection.php(391): CodeIgniter\Database\MySQLi\Connection->connect(false)
#1 C:\xampp\htdocs\Proyecto\system\Database\BaseConnection.php(573): CodeIgniter\Database\BaseConnection->initialize()
#2 C:\xampp\htdocs\Proyecto\system\Database\BaseConnection.php(1408): CodeIgniter\Database\BaseConnection->query('SHOW TABLES FRO...')
#3 C:\xampp\htdocs\Proyecto\system\Database\BaseConnection.php(1427): CodeIgniter\Database\BaseConnection->listTables()
#4 C:\xampp\htdocs\Proyecto\system\Database\MigrationRunner.php(768): CodeIgniter\Database\BaseConnection->tableExists('migrations')
#5 C:\xampp\htdocs\Proyecto\system\Database\MigrationRunner.php(706): CodeIgniter\Database\MigrationRunner->ensureTable()
#6 C:\xampp\htdocs\Proyecto\system\Commands\Database\MigrateRollback.php(89): CodeIgniter\Database\MigrationRunner->getLastBatch()
#7 C:\xampp\htdocs\Proyecto\system\CLI\Commands.php(65): CodeIgniter\Commands\Database\MigrateRollback->run(Array)
#8 C:\xampp\htdocs\Proyecto\system\CLI\Console.php(37): CodeIgniter\CLI\Commands->run('migrate:rollbac...', Array)
#9 C:\xampp\htdocs\Proyecto\spark(97): CodeIgniter\CLI\Console->run()
#10 {main}
ERROR - 2024-05-28 17:03:08 --> mysqli_sql_exception: Table 'usuarios' already exists in C:\xampp\htdocs\Proyecto\system\Database\MySQLi\Connection.php:295
Stack trace:
#0 C:\xampp\htdocs\Proyecto\system\Database\MySQLi\Connection.php(295): mysqli->query('CREATE TABLE `u...', 0)
#1 C:\xampp\htdocs\Proyecto\system\Database\BaseConnection.php(691): CodeIgniter\Database\MySQLi\Connection->execute('CREATE TABLE `u...')
#2 C:\xampp\htdocs\Proyecto\system\Database\BaseConnection.php(605): CodeIgniter\Database\BaseConnection->simpleQuery('CREATE TABLE `u...')
#3 C:\xampp\htdocs\Proyecto\system\Database\Forge.php(546): CodeIgniter\Database\BaseConnection->query('CREATE TABLE `u...')
#4 C:\xampp\htdocs\Proyecto\app\Database\Migrations\2024-05-28-024957_Perfiles.php(34): CodeIgniter\Database\Forge->createTable('usuarios')
#5 C:\xampp\htdocs\Proyecto\system\Database\MigrationRunner.php(877): App\Database\Migrations\Perfiles->up()
#6 C:\xampp\htdocs\Proyecto\system\Database\MigrationRunner.php(188): CodeIgniter\Database\MigrationRunner->migrate('up', Object(stdClass))
#7 C:\xampp\htdocs\Proyecto\system\Commands\Database\Migrate.php(84): CodeIgniter\Database\MigrationRunner->latest(NULL)
#8 C:\xampp\htdocs\Proyecto\system\CLI\Commands.php(65): CodeIgniter\Commands\Database\Migrate->run(Array)
#9 C:\xampp\htdocs\Proyecto\system\CLI\Console.php(37): CodeIgniter\CLI\Commands->run('migrate', Array)
#10 C:\xampp\htdocs\Proyecto\spark(97): CodeIgniter\CLI\Console->run()
#11 {main}
ERROR - 2024-05-28 17:03:43 --> mysqli_sql_exception: Table 'usuarios' already exists in C:\xampp\htdocs\Proyecto\system\Database\MySQLi\Connection.php:295
Stack trace:
#0 C:\xampp\htdocs\Proyecto\system\Database\MySQLi\Connection.php(295): mysqli->query('CREATE TABLE `u...', 0)
#1 C:\xampp\htdocs\Proyecto\system\Database\BaseConnection.php(691): CodeIgniter\Database\MySQLi\Connection->execute('CREATE TABLE `u...')
#2 C:\xampp\htdocs\Proyecto\system\Database\BaseConnection.php(605): CodeIgniter\Database\BaseConnection->simpleQuery('CREATE TABLE `u...')
#3 C:\xampp\htdocs\Proyecto\system\Database\Forge.php(546): CodeIgniter\Database\BaseConnection->query('CREATE TABLE `u...')
#4 C:\xampp\htdocs\Proyecto\app\Database\Migrations\2024-05-28-024957_Perfiles.php(34): CodeIgniter\Database\Forge->createTable('usuarios')
#5 C:\xampp\htdocs\Proyecto\system\Database\MigrationRunner.php(877): App\Database\Migrations\Perfiles->up()
#6 C:\xampp\htdocs\Proyecto\system\Database\MigrationRunner.php(188): CodeIgniter\Database\MigrationRunner->migrate('up', Object(stdClass))
#7 C:\xampp\htdocs\Proyecto\system\Commands\Database\Migrate.php(84): CodeIgniter\Database\MigrationRunner->latest(NULL)
#8 C:\xampp\htdocs\Proyecto\system\CLI\Commands.php(65): CodeIgniter\Commands\Database\Migrate->run(Array)
#9 C:\xampp\htdocs\Proyecto\system\CLI\Console.php(37): CodeIgniter\CLI\Commands->run('migrate', Array)
#10 C:\xampp\htdocs\Proyecto\spark(97): CodeIgniter\CLI\Console->run()
#11 {main}
ERROR - 2024-05-28 17:04:10 --> mysqli_sql_exception: Table 'usuarios' already exists in C:\xampp\htdocs\Proyecto\system\Database\MySQLi\Connection.php:295
Stack trace:
#0 C:\xampp\htdocs\Proyecto\system\Database\MySQLi\Connection.php(295): mysqli->query('CREATE TABLE `u...', 0)
#1 C:\xampp\htdocs\Proyecto\system\Database\BaseConnection.php(691): CodeIgniter\Database\MySQLi\Connection->execute('CREATE TABLE `u...')
#2 C:\xampp\htdocs\Proyecto\system\Database\BaseConnection.php(605): CodeIgniter\Database\BaseConnection->simpleQuery('CREATE TABLE `u...')
#3 C:\xampp\htdocs\Proyecto\system\Database\Forge.php(546): CodeIgniter\Database\BaseConnection->query('CREATE TABLE `u...')
#4 C:\xampp\htdocs\Proyecto\app\Database\Migrations\2024-05-28-024957_Perfiles.php(34): CodeIgniter\Database\Forge->createTable('usuarios')
#5 C:\xampp\htdocs\Proyecto\system\Database\MigrationRunner.php(877): App\Database\Migrations\Perfiles->up()
#6 C:\xampp\htdocs\Proyecto\system\Database\MigrationRunner.php(188): CodeIgniter\Database\MigrationRunner->migrate('up', Object(stdClass))
#7 C:\xampp\htdocs\Proyecto\system\Commands\Database\Migrate.php(84): CodeIgniter\Database\MigrationRunner->latest(NULL)
#8 C:\xampp\htdocs\Proyecto\system\CLI\Commands.php(65): CodeIgniter\Commands\Database\Migrate->run(Array)
#9 C:\xampp\htdocs\Proyecto\system\CLI\Console.php(37): CodeIgniter\CLI\Commands->run('migrate', Array)
#10 C:\xampp\htdocs\Proyecto\spark(97): CodeIgniter\CLI\Console->run()
#11 {main}
ERROR - 2024-05-28 17:09:42 --> mysqli_sql_exception: Unknown table 'task.tipo_neurodivergencia' in C:\xampp\htdocs\Proyecto\system\Database\MySQLi\Connection.php:295
Stack trace:
#0 C:\xampp\htdocs\Proyecto\system\Database\MySQLi\Connection.php(295): mysqli->query('DROP TABLE `tip...', 0)
#1 C:\xampp\htdocs\Proyecto\system\Database\BaseConnection.php(691): CodeIgniter\Database\MySQLi\Connection->execute('DROP TABLE `tip...')
#2 C:\xampp\htdocs\Proyecto\system\Database\BaseConnection.php(605): CodeIgniter\Database\BaseConnection->simpleQuery('DROP TABLE `tip...')
#3 C:\xampp\htdocs\Proyecto\system\Database\Forge.php(637): CodeIgniter\Database\BaseConnection->query('DROP TABLE `tip...')
#4 C:\xampp\htdocs\Proyecto\app\Database\Migrations\2024-05-28-162831_TiposRoles.php(30): CodeIgniter\Database\Forge->dropTable('tipo_neurodiver...')
#5 C:\xampp\htdocs\Proyecto\system\Database\MigrationRunner.php(877): App\Database\Migrations\TiposRoles->down()
#6 C:\xampp\htdocs\Proyecto\system\Database\MigrationRunner.php(299): CodeIgniter\Database\MigrationRunner->migrate('down', Object(stdClass))
#7 C:\xampp\htdocs\Proyecto\system\Commands\Database\MigrateRollback.php(92): CodeIgniter\Database\MigrationRunner->regress(1)
#8 C:\xampp\htdocs\Proyecto\system\CLI\Commands.php(65): CodeIgniter\Commands\Database\MigrateRollback->run(Array)
#9 C:\xampp\htdocs\Proyecto\system\CLI\Console.php(37): CodeIgniter\CLI\Commands->run('migrate:rollbac...', Array)
#10 C:\xampp\htdocs\Proyecto\spark(97): CodeIgniter\CLI\Console->run()
#11 {main}
ERROR - 2024-05-28 17:11:39 --> mysqli_sql_exception: Unknown table 'task.tipo_neurodivergencia' in C:\xampp\htdocs\Proyecto\system\Database\MySQLi\Connection.php:295
Stack trace:
#0 C:\xampp\htdocs\Proyecto\system\Database\MySQLi\Connection.php(295): mysqli->query('DROP TABLE `tip...', 0)
#1 C:\xampp\htdocs\Proyecto\system\Database\BaseConnection.php(691): CodeIgniter\Database\MySQLi\Connection->execute('DROP TABLE `tip...')
#2 C:\xampp\htdocs\Proyecto\system\Database\BaseConnection.php(605): CodeIgniter\Database\BaseConnection->simpleQuery('DROP TABLE `tip...')
#3 C:\xampp\htdocs\Proyecto\system\Database\Forge.php(637): CodeIgniter\Database\BaseConnection->query('DROP TABLE `tip...')
#4 C:\xampp\htdocs\Proyecto\app\Database\Migrations\2024-05-28-162831_TiposRoles.php(30): CodeIgniter\Database\Forge->dropTable('tipo_neurodiver...')
#5 C:\xampp\htdocs\Proyecto\system\Database\MigrationRunner.php(877): App\Database\Migrations\TiposRoles->down()
#6 C:\xampp\htdocs\Proyecto\system\Database\MigrationRunner.php(299): CodeIgniter\Database\MigrationRunner->migrate('down', Object(stdClass))
#7 C:\xampp\htdocs\Proyecto\system\Commands\Database\MigrateRollback.php(92): CodeIgniter\Database\MigrationRunner->regress(1)
#8 C:\xampp\htdocs\Proyecto\system\CLI\Commands.php(65): CodeIgniter\Commands\Database\MigrateRollback->run(Array)
#9 C:\xampp\htdocs\Proyecto\system\CLI\Console.php(37): CodeIgniter\CLI\Commands->run('migrate:rollbac...', Array)
#10 C:\xampp\htdocs\Proyecto\spark(97): CodeIgniter\CLI\Console->run()
#11 {main}
ERROR - 2024-05-28 17:12:14 --> mysqli_sql_exception: Unknown table 'task.tipo_neurodivergencia' in C:\xampp\htdocs\Proyecto\system\Database\MySQLi\Connection.php:295
Stack trace:
#0 C:\xampp\htdocs\Proyecto\system\Database\MySQLi\Connection.php(295): mysqli->query('DROP TABLE `tip...', 0)
#1 C:\xampp\htdocs\Proyecto\system\Database\BaseConnection.php(691): CodeIgniter\Database\MySQLi\Connection->execute('DROP TABLE `tip...')
#2 C:\xampp\htdocs\Proyecto\system\Database\BaseConnection.php(605): CodeIgniter\Database\BaseConnection->simpleQuery('DROP TABLE `tip...')
#3 C:\xampp\htdocs\Proyecto\system\Database\Forge.php(637): CodeIgniter\Database\BaseConnection->query('DROP TABLE `tip...')
#4 C:\xampp\htdocs\Proyecto\app\Database\Migrations\2024-05-28-162831_TiposRoles.php(30): CodeIgniter\Database\Forge->dropTable('tipo_neurodiver...')
#5 C:\xampp\htdocs\Proyecto\system\Database\MigrationRunner.php(877): App\Database\Migrations\TiposRoles->down()
#6 C:\xampp\htdocs\Proyecto\system\Database\MigrationRunner.php(299): CodeIgniter\Database\MigrationRunner->migrate('down', Object(stdClass))
#7 C:\xampp\htdocs\Proyecto\system\Commands\Database\MigrateRollback.php(92): CodeIgniter\Database\MigrationRunner->regress(1)
#8 C:\xampp\htdocs\Proyecto\system\CLI\Commands.php(65): CodeIgniter\Commands\Database\MigrateRollback->run(Array)
#9 C:\xampp\htdocs\Proyecto\system\CLI\Console.php(37): CodeIgniter\CLI\Commands->run('migrate:rollbac...', Array)
#10 C:\xampp\htdocs\Proyecto\spark(97): CodeIgniter\CLI\Console->run()
#11 {main}
ERROR - 2024-05-28 17:13:02 --> mysqli_sql_exception: Unknown table 'task.tipo_neurodivergencia' in C:\xampp\htdocs\Proyecto\system\Database\MySQLi\Connection.php:295
Stack trace:
#0 C:\xampp\htdocs\Proyecto\system\Database\MySQLi\Connection.php(295): mysqli->query('DROP TABLE `tip...', 0)
#1 C:\xampp\htdocs\Proyecto\system\Database\BaseConnection.php(691): CodeIgniter\Database\MySQLi\Connection->execute('DROP TABLE `tip...')
#2 C:\xampp\htdocs\Proyecto\system\Database\BaseConnection.php(605): CodeIgniter\Database\BaseConnection->simpleQuery('DROP TABLE `tip...')
#3 C:\xampp\htdocs\Proyecto\system\Database\Forge.php(637): CodeIgniter\Database\BaseConnection->query('DROP TABLE `tip...')
#4 C:\xampp\htdocs\Proyecto\app\Database\Migrations\2024-05-28-162831_TiposRoles.php(30): CodeIgniter\Database\Forge->dropTable('tipo_neurodiver...')
#5 C:\xampp\htdocs\Proyecto\system\Database\MigrationRunner.php(877): App\Database\Migrations\TiposRoles->down()
#6 C:\xampp\htdocs\Proyecto\system\Database\MigrationRunner.php(299): CodeIgniter\Database\MigrationRunner->migrate('down', Object(stdClass))
#7 C:\xampp\htdocs\Proyecto\system\Commands\Database\MigrateRollback.php(92): CodeIgniter\Database\MigrationRunner->regress(1)
#8 C:\xampp\htdocs\Proyecto\system\CLI\Commands.php(65): CodeIgniter\Commands\Database\MigrateRollback->run(Array)
#9 C:\xampp\htdocs\Proyecto\system\CLI\Console.php(37): CodeIgniter\CLI\Commands->run('migrate:rollbac...', Array)
#10 C:\xampp\htdocs\Proyecto\spark(97): CodeIgniter\CLI\Console->run()
#11 {main}
ERROR - 2024-05-28 17:13:12 --> mysqli_sql_exception: Unknown table 'task.tipo_neurodivergencia' in C:\xampp\htdocs\Proyecto\system\Database\MySQLi\Connection.php:295
Stack trace:
#0 C:\xampp\htdocs\Proyecto\system\Database\MySQLi\Connection.php(295): mysqli->query('DROP TABLE `tip...', 0)
#1 C:\xampp\htdocs\Proyecto\system\Database\BaseConnection.php(691): CodeIgniter\Database\MySQLi\Connection->execute('DROP TABLE `tip...')
#2 C:\xampp\htdocs\Proyecto\system\Database\BaseConnection.php(605): CodeIgniter\Database\BaseConnection->simpleQuery('DROP TABLE `tip...')
#3 C:\xampp\htdocs\Proyecto\system\Database\Forge.php(637): CodeIgniter\Database\BaseConnection->query('DROP TABLE `tip...')
#4 C:\xampp\htdocs\Proyecto\app\Database\Migrations\2024-05-28-162831_TiposRoles.php(30): CodeIgniter\Database\Forge->dropTable('tipo_neurodiver...')
#5 C:\xampp\htdocs\Proyecto\system\Database\MigrationRunner.php(877): App\Database\Migrations\TiposRoles->down()
#6 C:\xampp\htdocs\Proyecto\system\Database\MigrationRunner.php(299): CodeIgniter\Database\MigrationRunner->migrate('down', Object(stdClass))
#7 C:\xampp\htdocs\Proyecto\system\Commands\Database\MigrateRollback.php(92): CodeIgniter\Database\MigrationRunner->regress(1)
#8 C:\xampp\htdocs\Proyecto\system\CLI\Commands.php(65): CodeIgniter\Commands\Database\MigrateRollback->run(Array)
#9 C:\xampp\htdocs\Proyecto\system\CLI\Console.php(37): CodeIgniter\CLI\Commands->run('migrate:rollbac...', Array)
#10 C:\xampp\htdocs\Proyecto\spark(97): CodeIgniter\CLI\Console->run()
#11 {main}
ERROR - 2024-05-28 17:22:31 --> mysqli_sql_exception: Can't create table `task`.`perfiles` (errno: 150 "Foreign key constraint is incorrectly formed") in C:\xampp\htdocs\Proyecto\system\Database\MySQLi\Connection.php:295
Stack trace:
#0 C:\xampp\htdocs\Proyecto\system\Database\MySQLi\Connection.php(295): mysqli->query('CREATE TABLE `p...', 0)
#1 C:\xampp\htdocs\Proyecto\system\Database\BaseConnection.php(691): CodeIgniter\Database\MySQLi\Connection->execute('CREATE TABLE `p...')
#2 C:\xampp\htdocs\Proyecto\system\Database\BaseConnection.php(605): CodeIgniter\Database\BaseConnection->simpleQuery('CREATE TABLE `p...')
#3 C:\xampp\htdocs\Proyecto\system\Database\Forge.php(546): CodeIgniter\Database\BaseConnection->query('CREATE TABLE `p...')
#4 C:\xampp\htdocs\Proyecto\app\Database\Migrations\2024-05-28-024957_Perfiles.php(37): CodeIgniter\Database\Forge->createTable('perfiles')
#5 C:\xampp\htdocs\Proyecto\system\Database\MigrationRunner.php(877): App\Database\Migrations\Perfiles->up()
#6 C:\xampp\htdocs\Proyecto\system\Database\MigrationRunner.php(188): CodeIgniter\Database\MigrationRunner->migrate('up', Object(stdClass))
#7 C:\xampp\htdocs\Proyecto\system\Commands\Database\Migrate.php(84): CodeIgniter\Database\MigrationRunner->latest(NULL)
#8 C:\xampp\htdocs\Proyecto\system\CLI\Commands.php(65): CodeIgniter\Commands\Database\Migrate->run(Array)
#9 C:\xampp\htdocs\Proyecto\system\CLI\Console.php(37): CodeIgniter\CLI\Commands->run('migrate', Array)
#10 C:\xampp\htdocs\Proyecto\spark(97): CodeIgniter\CLI\Console->run()
#11 {main}
ERROR - 2024-05-28 17:23:21 --> mysqli_sql_exception: Can't create table `task`.`perfiles` (errno: 150 "Foreign key constraint is incorrectly formed") in C:\xampp\htdocs\Proyecto\system\Database\MySQLi\Connection.php:295
Stack trace:
#0 C:\xampp\htdocs\Proyecto\system\Database\MySQLi\Connection.php(295): mysqli->query('CREATE TABLE `p...', 0)
#1 C:\xampp\htdocs\Proyecto\system\Database\BaseConnection.php(691): CodeIgniter\Database\MySQLi\Connection->execute('CREATE TABLE `p...')
#2 C:\xampp\htdocs\Proyecto\system\Database\BaseConnection.php(605): CodeIgniter\Database\BaseConnection->simpleQuery('CREATE TABLE `p...')
#3 C:\xampp\htdocs\Proyecto\system\Database\Forge.php(546): CodeIgniter\Database\BaseConnection->query('CREATE TABLE `p...')
#4 C:\xampp\htdocs\Proyecto\app\Database\Migrations\2024-05-28-024957_Perfiles.php(37): CodeIgniter\Database\Forge->createTable('perfiles')
#5 C:\xampp\htdocs\Proyecto\system\Database\MigrationRunner.php(877): App\Database\Migrations\Perfiles->up()
#6 C:\xampp\htdocs\Proyecto\system\Database\MigrationRunner.php(188): CodeIgniter\Database\MigrationRunner->migrate('up', Object(stdClass))
#7 C:\xampp\htdocs\Proyecto\system\Commands\Database\Migrate.php(84): CodeIgniter\Database\MigrationRunner->latest(NULL)
#8 C:\xampp\htdocs\Proyecto\system\CLI\Commands.php(65): CodeIgniter\Commands\Database\Migrate->run(Array)
#9 C:\xampp\htdocs\Proyecto\system\CLI\Console.php(37): CodeIgniter\CLI\Commands->run('migrate', Array)
#10 C:\xampp\htdocs\Proyecto\spark(97): CodeIgniter\CLI\Console->run()
#11 {main}
ERROR - 2024-05-28 17:38:38 --> mysqli_sql_exception: Can't create table `task`.`tipo_neurodivergencia` (errno: 150 "Foreign key constraint is incorrectly formed") in C:\xampp\htdocs\Proyecto\system\Database\MySQLi\Connection.php:295
Stack trace:
#0 C:\xampp\htdocs\Proyecto\system\Database\MySQLi\Connection.php(295): mysqli->query('CREATE TABLE `t...', 0)
#1 C:\xampp\htdocs\Proyecto\system\Database\BaseConnection.php(691): CodeIgniter\Database\MySQLi\Connection->execute('CREATE TABLE `t...')
#2 C:\xampp\htdocs\Proyecto\system\Database\BaseConnection.php(605): CodeIgniter\Database\BaseConnection->simpleQuery('CREATE TABLE `t...')
#3 C:\xampp\htdocs\Proyecto\system\Database\Forge.php(546): CodeIgniter\Database\BaseConnection->query('CREATE TABLE `t...')
#4 C:\xampp\htdocs\Proyecto\app\Database\Migrations\2024-05-28-172527_TiposNeurodivergencia.php(25): CodeIgniter\Database\Forge->createTable('tipo_neurodiver...')
#5 C:\xampp\htdocs\Proyecto\system\Database\MigrationRunner.php(877): App\Database\Migrations\TiposNeurodivergencia->up()
#6 C:\xampp\htdocs\Proyecto\system\Database\MigrationRunner.php(188): CodeIgniter\Database\MigrationRunner->migrate('up', Object(stdClass))
#7 C:\xampp\htdocs\Proyecto\system\Commands\Database\Migrate.php(84): CodeIgniter\Database\MigrationRunner->latest(NULL)
#8 C:\xampp\htdocs\Proyecto\system\CLI\Commands.php(65): CodeIgniter\Commands\Database\Migrate->run(Array)
#9 C:\xampp\htdocs\Proyecto\system\CLI\Console.php(37): CodeIgniter\CLI\Commands->run('migrate', Array)
#10 C:\xampp\htdocs\Proyecto\spark(97): CodeIgniter\CLI\Console->run()
#11 {main}
ERROR - 2024-05-28 18:05:05 --> mysqli_sql_exception: Duplicate key name 'correo' in C:\xampp\htdocs\Proyecto\system\Database\MySQLi\Connection.php:295
Stack trace:
#0 C:\xampp\htdocs\Proyecto\system\Database\MySQLi\Connection.php(295): mysqli->query('CREATE TABLE `u...', 0)
#1 C:\xampp\htdocs\Proyecto\system\Database\BaseConnection.php(691): CodeIgniter\Database\MySQLi\Connection->execute('CREATE TABLE `u...')
#2 C:\xampp\htdocs\Proyecto\system\Database\BaseConnection.php(605): CodeIgniter\Database\BaseConnection->simpleQuery('CREATE TABLE `u...')
#3 C:\xampp\htdocs\Proyecto\system\Database\Forge.php(546): CodeIgniter\Database\BaseConnection->query('CREATE TABLE `u...')
#4 C:\xampp\htdocs\Proyecto\app\Database\Migrations\2024-05-28-023014_Usuarios.php(37): CodeIgniter\Database\Forge->createTable('usuarios')
#5 C:\xampp\htdocs\Proyecto\system\Database\MigrationRunner.php(877): App\Database\Migrations\Usuarios->up()
#6 C:\xampp\htdocs\Proyecto\system\Database\MigrationRunner.php(188): CodeIgniter\Database\MigrationRunner->migrate('up', Object(stdClass))
#7 C:\xampp\htdocs\Proyecto\system\Commands\Database\Migrate.php(84): CodeIgniter\Database\MigrationRunner->latest(NULL)
#8 C:\xampp\htdocs\Proyecto\system\CLI\Commands.php(65): CodeIgniter\Commands\Database\Migrate->run(Array)
#9 C:\xampp\htdocs\Proyecto\system\CLI\Console.php(37): CodeIgniter\CLI\Commands->run('migrate', Array)
#10 C:\xampp\htdocs\Proyecto\spark(97): CodeIgniter\CLI\Console->run()
#11 {main}
ERROR - 2024-05-28 18:39:29 --> mysqli_sql_exception: Can't create table `task`.`listas_tareas` (errno: 150 "Foreign key constraint is incorrectly formed") in C:\xampp\htdocs\Proyecto\system\Database\MySQLi\Connection.php:295
Stack trace:
#0 C:\xampp\htdocs\Proyecto\system\Database\MySQLi\Connection.php(295): mysqli->query('CREATE TABLE `l...', 0)
#1 C:\xampp\htdocs\Proyecto\system\Database\BaseConnection.php(691): CodeIgniter\Database\MySQLi\Connection->execute('CREATE TABLE `l...')
#2 C:\xampp\htdocs\Proyecto\system\Database\BaseConnection.php(605): CodeIgniter\Database\BaseConnection->simpleQuery('CREATE TABLE `l...')
#3 C:\xampp\htdocs\Proyecto\system\Database\Forge.php(546): CodeIgniter\Database\BaseConnection->query('CREATE TABLE `l...')
#4 C:\xampp\htdocs\Proyecto\app\Database\Migrations\2024-05-28-183742_ListasTareas.php(28): CodeIgniter\Database\Forge->createTable('listas_tareas')
#5 C:\xampp\htdocs\Proyecto\system\Database\MigrationRunner.php(877): App\Database\Migrations\ListasTareas->up()
#6 C:\xampp\htdocs\Proyecto\system\Database\MigrationRunner.php(188): CodeIgniter\Database\MigrationRunner->migrate('up', Object(stdClass))
#7 C:\xampp\htdocs\Proyecto\system\Commands\Database\Migrate.php(84): CodeIgniter\Database\MigrationRunner->latest(NULL)
#8 C:\xampp\htdocs\Proyecto\system\CLI\Commands.php(65): CodeIgniter\Commands\Database\Migrate->run(Array)
#9 C:\xampp\htdocs\Proyecto\system\CLI\Console.php(37): CodeIgniter\CLI\Commands->run('migrate', Array)
#10 C:\xampp\htdocs\Proyecto\spark(97): CodeIgniter\CLI\Console->run()
#11 {main}
ERROR - 2024-05-28 18:40:30 --> mysqli_sql_exception: Can't create table `task`.`listas_tareas` (errno: 150 "Foreign key constraint is incorrectly formed") in C:\xampp\htdocs\Proyecto\system\Database\MySQLi\Connection.php:295
Stack trace:
#0 C:\xampp\htdocs\Proyecto\system\Database\MySQLi\Connection.php(295): mysqli->query('CREATE TABLE `l...', 0)
#1 C:\xampp\htdocs\Proyecto\system\Database\BaseConnection.php(691): CodeIgniter\Database\MySQLi\Connection->execute('CREATE TABLE `l...')
#2 C:\xampp\htdocs\Proyecto\system\Database\BaseConnection.php(605): CodeIgniter\Database\BaseConnection->simpleQuery('CREATE TABLE `l...')
#3 C:\xampp\htdocs\Proyecto\system\Database\Forge.php(546): CodeIgniter\Database\BaseConnection->query('CREATE TABLE `l...')
#4 C:\xampp\htdocs\Proyecto\app\Database\Migrations\2024-05-28-183742_ListasTareas.php(28): CodeIgniter\Database\Forge->createTable('listas_tareas')
#5 C:\xampp\htdocs\Proyecto\system\Database\MigrationRunner.php(877): App\Database\Migrations\ListasTareas->up()
#6 C:\xampp\htdocs\Proyecto\system\Database\MigrationRunner.php(188): CodeIgniter\Database\MigrationRunner->migrate('up', Object(stdClass))
#7 C:\xampp\htdocs\Proyecto\system\Commands\Database\Migrate.php(84): CodeIgniter\Database\MigrationRunner->latest(NULL)
#8 C:\xampp\htdocs\Proyecto\system\CLI\Commands.php(65): CodeIgniter\Commands\Database\Migrate->run(Array)
#9 C:\xampp\htdocs\Proyecto\system\CLI\Console.php(37): CodeIgniter\CLI\Commands->run('migrate', Array)
#10 C:\xampp\htdocs\Proyecto\spark(97): CodeIgniter\CLI\Console->run()
#11 {main}
ERROR - 2024-05-28 18:40:52 --> mysqli_sql_exception: Can't create table `task`.`listas_tareas` (errno: 150 "Foreign key constraint is incorrectly formed") in C:\xampp\htdocs\Proyecto\system\Database\MySQLi\Connection.php:295
Stack trace:
#0 C:\xampp\htdocs\Proyecto\system\Database\MySQLi\Connection.php(295): mysqli->query('CREATE TABLE `l...', 0)
#1 C:\xampp\htdocs\Proyecto\system\Database\BaseConnection.php(691): CodeIgniter\Database\MySQLi\Connection->execute('CREATE TABLE `l...')
#2 C:\xampp\htdocs\Proyecto\system\Database\BaseConnection.php(605): CodeIgniter\Database\BaseConnection->simpleQuery('CREATE TABLE `l...')
#3 C:\xampp\htdocs\Proyecto\system\Database\Forge.php(546): CodeIgniter\Database\BaseConnection->query('CREATE TABLE `l...')
#4 C:\xampp\htdocs\Proyecto\app\Database\Migrations\2024-05-28-183742_ListasTareas.php(28): CodeIgniter\Database\Forge->createTable('listas_tareas')
#5 C:\xampp\htdocs\Proyecto\system\Database\MigrationRunner.php(877): App\Database\Migrations\ListasTareas->up()
#6 C:\xampp\htdocs\Proyecto\system\Database\MigrationRunner.php(188): CodeIgniter\Database\MigrationRunner->migrate('up', Object(stdClass))
#7 C:\xampp\htdocs\Proyecto\system\Commands\Database\Migrate.php(84): CodeIgniter\Database\MigrationRunner->latest(NULL)
#8 C:\xampp\htdocs\Proyecto\system\CLI\Commands.php(65): CodeIgniter\Commands\Database\Migrate->run(Array)
#9 C:\xampp\htdocs\Proyecto\system\CLI\Console.php(37): CodeIgniter\CLI\Commands->run('migrate', Array)
#10 C:\xampp\htdocs\Proyecto\spark(97): CodeIgniter\CLI\Console->run()
#11 {main}
ERROR - 2024-05-28 18:44:38 --> mysqli_sql_exception: Can't create table `task`.`listas_tareas` (errno: 150 "Foreign key constraint is incorrectly formed") in C:\xampp\htdocs\Proyecto\system\Database\MySQLi\Connection.php:295
Stack trace:
#0 C:\xampp\htdocs\Proyecto\system\Database\MySQLi\Connection.php(295): mysqli->query('CREATE TABLE `l...', 0)
#1 C:\xampp\htdocs\Proyecto\system\Database\BaseConnection.php(691): CodeIgniter\Database\MySQLi\Connection->execute('CREATE TABLE `l...')
#2 C:\xampp\htdocs\Proyecto\system\Database\BaseConnection.php(605): CodeIgniter\Database\BaseConnection->simpleQuery('CREATE TABLE `l...')
#3 C:\xampp\htdocs\Proyecto\system\Database\Forge.php(546): CodeIgniter\Database\BaseConnection->query('CREATE TABLE `l...')
#4 C:\xampp\htdocs\Proyecto\app\Database\Migrations\2024-05-28-183742_ListasTareas.php(28): CodeIgniter\Database\Forge->createTable('listas_tareas')
#5 C:\xampp\htdocs\Proyecto\system\Database\MigrationRunner.php(877): App\Database\Migrations\ListasTareas->up()
#6 C:\xampp\htdocs\Proyecto\system\Database\MigrationRunner.php(188): CodeIgniter\Database\MigrationRunner->migrate('up', Object(stdClass))
#7 C:\xampp\htdocs\Proyecto\system\Commands\Database\Migrate.php(84): CodeIgniter\Database\MigrationRunner->latest(NULL)
#8 C:\xampp\htdocs\Proyecto\system\CLI\Commands.php(65): CodeIgniter\Commands\Database\Migrate->run(Array)
#9 C:\xampp\htdocs\Proyecto\system\CLI\Console.php(37): CodeIgniter\CLI\Commands->run('migrate', Array)
#10 C:\xampp\htdocs\Proyecto\spark(97): CodeIgniter\CLI\Console->run()
#11 {main}
ERROR - 2024-05-28 18:45:22 --> mysqli_sql_exception: Can't create table `task`.`listas_tareas` (errno: 150 "Foreign key constraint is incorrectly formed") in C:\xampp\htdocs\Proyecto\system\Database\MySQLi\Connection.php:295
Stack trace:
#0 C:\xampp\htdocs\Proyecto\system\Database\MySQLi\Connection.php(295): mysqli->query('CREATE TABLE `l...', 0)
#1 C:\xampp\htdocs\Proyecto\system\Database\BaseConnection.php(691): CodeIgniter\Database\MySQLi\Connection->execute('CREATE TABLE `l...')
#2 C:\xampp\htdocs\Proyecto\system\Database\BaseConnection.php(605): CodeIgniter\Database\BaseConnection->simpleQuery('CREATE TABLE `l...')
#3 C:\xampp\htdocs\Proyecto\system\Database\Forge.php(546): CodeIgniter\Database\BaseConnection->query('CREATE TABLE `l...')
#4 C:\xampp\htdocs\Proyecto\app\Database\Migrations\2024-05-28-183742_ListasTareas.php(28): CodeIgniter\Database\Forge->createTable('listas_tareas')
#5 C:\xampp\htdocs\Proyecto\system\Database\MigrationRunner.php(877): App\Database\Migrations\ListasTareas->up()
#6 C:\xampp\htdocs\Proyecto\system\Database\MigrationRunner.php(188): CodeIgniter\Database\MigrationRunner->migrate('up', Object(stdClass))
#7 C:\xampp\htdocs\Proyecto\system\Commands\Database\Migrate.php(84): CodeIgniter\Database\MigrationRunner->latest(NULL)
#8 C:\xampp\htdocs\Proyecto\system\CLI\Commands.php(65): CodeIgniter\Commands\Database\Migrate->run(Array)
#9 C:\xampp\htdocs\Proyecto\system\CLI\Console.php(37): CodeIgniter\CLI\Commands->run('migrate', Array)
#10 C:\xampp\htdocs\Proyecto\spark(97): CodeIgniter\CLI\Console->run()
#11 {main}
ERROR - 2024-05-28 18:45:50 --> mysqli_sql_exception: Can't create table `task`.`listas_tareas` (errno: 150 "Foreign key constraint is incorrectly formed") in C:\xampp\htdocs\Proyecto\system\Database\MySQLi\Connection.php:295
Stack trace:
#0 C:\xampp\htdocs\Proyecto\system\Database\MySQLi\Connection.php(295): mysqli->query('CREATE TABLE `l...', 0)
#1 C:\xampp\htdocs\Proyecto\system\Database\BaseConnection.php(691): CodeIgniter\Database\MySQLi\Connection->execute('CREATE TABLE `l...')
#2 C:\xampp\htdocs\Proyecto\system\Database\BaseConnection.php(605): CodeIgniter\Database\BaseConnection->simpleQuery('CREATE TABLE `l...')
#3 C:\xampp\htdocs\Proyecto\system\Database\Forge.php(546): CodeIgniter\Database\BaseConnection->query('CREATE TABLE `l...')
#4 C:\xampp\htdocs\Proyecto\app\Database\Migrations\2024-05-28-183742_ListasTareas.php(28): CodeIgniter\Database\Forge->createTable('listas_tareas')
#5 C:\xampp\htdocs\Proyecto\system\Database\MigrationRunner.php(877): App\Database\Migrations\ListasTareas->up()
#6 C:\xampp\htdocs\Proyecto\system\Database\MigrationRunner.php(188): CodeIgniter\Database\MigrationRunner->migrate('up', Object(stdClass))
#7 C:\xampp\htdocs\Proyecto\system\Commands\Database\Migrate.php(84): CodeIgniter\Database\MigrationRunner->latest(NULL)
#8 C:\xampp\htdocs\Proyecto\system\CLI\Commands.php(65): CodeIgniter\Commands\Database\Migrate->run(Array)
#9 C:\xampp\htdocs\Proyecto\system\CLI\Console.php(37): CodeIgniter\CLI\Commands->run('migrate', Array)
#10 C:\xampp\htdocs\Proyecto\spark(97): CodeIgniter\CLI\Console->run()
#11 {main}
ERROR - 2024-05-28 18:55:33 --> mysqli_sql_exception: Can't create table `task`.`tipos_neurodivergencia` (errno: 150 "Foreign key constraint is incorrectly formed") in C:\xampp\htdocs\Proyecto\system\Database\MySQLi\Connection.php:295
Stack trace:
#0 C:\xampp\htdocs\Proyecto\system\Database\MySQLi\Connection.php(295): mysqli->query('CREATE TABLE `t...', 0)
#1 C:\xampp\htdocs\Proyecto\system\Database\BaseConnection.php(691): CodeIgniter\Database\MySQLi\Connection->execute('CREATE TABLE `t...')
#2 C:\xampp\htdocs\Proyecto\system\Database\BaseConnection.php(605): CodeIgniter\Database\BaseConnection->simpleQuery('CREATE TABLE `t...')
#3 C:\xampp\htdocs\Proyecto\system\Database\Forge.php(546): CodeIgniter\Database\BaseConnection->query('CREATE TABLE `t...')
#4 C:\xampp\htdocs\Proyecto\app\Database\Migrations\2024-05-28-185031_TiposNeurodivergencia.php(25): CodeIgniter\Database\Forge->createTable('tipos_neurodive...')
#5 C:\xampp\htdocs\Proyecto\system\Database\MigrationRunner.php(877): App\Database\Migrations\TiposNeurodivergencia->up()
#6 C:\xampp\htdocs\Proyecto\system\Database\MigrationRunner.php(188): CodeIgniter\Database\MigrationRunner->migrate('up', Object(stdClass))
#7 C:\xampp\htdocs\Proyecto\system\Commands\Database\Migrate.php(84): CodeIgniter\Database\MigrationRunner->latest(NULL)
#8 C:\xampp\htdocs\Proyecto\system\CLI\Commands.php(65): CodeIgniter\Commands\Database\Migrate->run(Array)
#9 C:\xampp\htdocs\Proyecto\system\CLI\Console.php(37): CodeIgniter\CLI\Commands->run('migrate', Array)
#10 C:\xampp\htdocs\Proyecto\spark(97): CodeIgniter\CLI\Console->run()
#11 {main}
ERROR - 2024-05-28 18:58:55 --> mysqli_sql_exception: Can't create table `task`.`tipos_neurodivergencia` (errno: 150 "Foreign key constraint is incorrectly formed") in C:\xampp\htdocs\Proyecto\system\Database\MySQLi\Connection.php:295
Stack trace:
#0 C:\xampp\htdocs\Proyecto\system\Database\MySQLi\Connection.php(295): mysqli->query('CREATE TABLE `t...', 0)
#1 C:\xampp\htdocs\Proyecto\system\Database\BaseConnection.php(691): CodeIgniter\Database\MySQLi\Connection->execute('CREATE TABLE `t...')
#2 C:\xampp\htdocs\Proyecto\system\Database\BaseConnection.php(605): CodeIgniter\Database\BaseConnection->simpleQuery('CREATE TABLE `t...')
#3 C:\xampp\htdocs\Proyecto\system\Database\Forge.php(546): CodeIgniter\Database\BaseConnection->query('CREATE TABLE `t...')
#4 C:\xampp\htdocs\Proyecto\app\Database\Migrations\2024-05-28-185031_TiposNeurodivergencia.php(25): CodeIgniter\Database\Forge->createTable('tipos_neurodive...')
#5 C:\xampp\htdocs\Proyecto\system\Database\MigrationRunner.php(877): App\Database\Migrations\TiposNeurodivergencia->up()
#6 C:\xampp\htdocs\Proyecto\system\Database\MigrationRunner.php(188): CodeIgniter\Database\MigrationRunner->migrate('up', Object(stdClass))
#7 C:\xampp\htdocs\Proyecto\system\Commands\Database\Migrate.php(84): CodeIgniter\Database\MigrationRunner->latest(NULL)
#8 C:\xampp\htdocs\Proyecto\system\CLI\Commands.php(65): CodeIgniter\Commands\Database\Migrate->run(Array)
#9 C:\xampp\htdocs\Proyecto\system\CLI\Console.php(37): CodeIgniter\CLI\Commands->run('migrate', Array)
#10 C:\xampp\htdocs\Proyecto\spark(97): CodeIgniter\CLI\Console->run()
#11 {main}
ERROR - 2024-05-28 19:05:09 --> mysqli_sql_exception: Can't create table `task`.`tipos_roles` (errno: 150 "Foreign key constraint is incorrectly formed") in C:\xampp\htdocs\Proyecto\system\Database\MySQLi\Connection.php:295
Stack trace:
#0 C:\xampp\htdocs\Proyecto\system\Database\MySQLi\Connection.php(295): mysqli->query('CREATE TABLE `t...', 0)
#1 C:\xampp\htdocs\Proyecto\system\Database\BaseConnection.php(691): CodeIgniter\Database\MySQLi\Connection->execute('CREATE TABLE `t...')
#2 C:\xampp\htdocs\Proyecto\system\Database\BaseConnection.php(605): CodeIgniter\Database\BaseConnection->simpleQuery('CREATE TABLE `t...')
#3 C:\xampp\htdocs\Proyecto\system\Database\Forge.php(546): CodeIgniter\Database\BaseConnection->query('CREATE TABLE `t...')
#4 C:\xampp\htdocs\Proyecto\app\Database\Migrations\2024-05-28-190356_Roles.php(25): CodeIgniter\Database\Forge->createTable('tipos_roles')
#5 C:\xampp\htdocs\Proyecto\system\Database\MigrationRunner.php(877): App\Database\Migrations\Roles->up()
#6 C:\xampp\htdocs\Proyecto\system\Database\MigrationRunner.php(188): CodeIgniter\Database\MigrationRunner->migrate('up', Object(stdClass))
#7 C:\xampp\htdocs\Proyecto\system\Commands\Database\Migrate.php(84): CodeIgniter\Database\MigrationRunner->latest(NULL)
#8 C:\xampp\htdocs\Proyecto\system\CLI\Commands.php(65): CodeIgniter\Commands\Database\Migrate->run(Array)
#9 C:\xampp\htdocs\Proyecto\system\CLI\Console.php(37): CodeIgniter\CLI\Commands->run('migrate', Array)
#10 C:\xampp\htdocs\Proyecto\spark(97): CodeIgniter\CLI\Console->run()
#11 {main}
